<?xml version="1.0" encoding="UTF-8"?>
<!-- Generated by org.testng.reporters.JUnitXMLReporter -->
<testsuite hostname="DESKTOP-6G8HV84" ignored="2" name="Groups Testing" tests="2" failures="0" timestamp="2021-09-16T20:21:08 IST" time="0.045" errors="0">
  <testcase name="method1" time="0.007" classname="com.sgtest.TestNGExecutionOrder.GroupsDemo"/>
  <testcase name="method2" time="0.001" classname="com.sgtest.TestNGExecutionOrder.GroupsDemo"/>
  <testcase name="method3" time="0.0" classname="com.sgtest.TestNGExecutionOrder.GroupsDemo">
    <ignored/>
  </testcase> <!-- method3 -->
  <testcase name="method4" time="0.0" classname="com.sgtest.TestNGExecutionOrder.GroupsDemo">
    <ignored/>
  </testcase> <!-- method4 -->
</testsuite> <!-- Groups Testing -->
