<?xml version="1.0" encoding="UTF-8"?>
<!-- Generated by org.testng.reporters.JUnitXMLReporter -->
<testsuite hostname="DESKTOP-6G8HV84" ignored="0" name="Products Scenarios" tests="3" failures="0" timestamp="2021-09-15T18:53:01 IST" time="0.013" errors="0">
  <testcase name="createProduct" time="0.001" classname="com.sgtest.TestNGProducts.Products"/>
  <testcase name="deleteProduct" time="0.002" classname="com.sgtest.TestNGProducts.Products"/>
  <testcase name="modifyProduct" time="0.002" classname="com.sgtest.TestNGProducts.Products"/>
</testsuite> <!-- Products Scenarios -->
