<?xml version="1.0" encoding="UTF-8"?>
<!-- Generated by org.testng.reporters.JUnitXMLReporter -->
<testsuite hostname="DESKTOP-6G8HV84" ignored="2" name="User" tests="1" failures="0" timestamp="2021-09-15T20:08:10 IST" time="0.039" errors="0">
  <testcase name="createProduct" time="0.004" classname="com.sgtest.TestNGProducts.Products"/>
  <testcase name="modifyProduct" time="0.0" classname="com.sgtest.TestNGProducts.Products">
    <ignored/>
  </testcase> <!-- modifyProduct -->
  <testcase name="deleteProduct" time="0.0" classname="com.sgtest.TestNGProducts.Products">
    <ignored/>
  </testcase> <!-- deleteProduct -->
</testsuite> <!-- User -->
