<?xml version="1.0" encoding="UTF-8"?>
<!-- Generated by org.testng.reporters.JUnitXMLReporter -->
<testsuite hostname="DESKTOP-6G8HV84" ignored="0" name="Users" tests="6" failures="0" timestamp="2021-09-15T18:53:27 IST" time="0.082" errors="0">
  <testcase name="createUser" time="0.004" classname="com.sgtest.TestNGUsers.Users"/>
  <testcase name="deleteUser" time="0.005" classname="com.sgtest.TestNGUsers.Users"/>
  <testcase name="modifyUser" time="0.001" classname="com.sgtest.TestNGUsers.Users"/>
  <testcase name="createProduct" time="0.001" classname="com.sgtest.TestNGProducts.Products"/>
  <testcase name="deleteProduct" time="0.003" classname="com.sgtest.TestNGProducts.Products"/>
  <testcase name="modifyProduct" time="0.001" classname="com.sgtest.TestNGProducts.Products"/>
</testsuite> <!-- Users -->
