<?xml version="1.0" encoding="UTF-8"?>
<!-- Generated by org.testng.reporters.JUnitXMLReporter -->
<testsuite hostname="DESKTOP-6G8HV84" ignored="0" name="Default test" tests="6" failures="0" timestamp="2021-09-20T05:14:36 IST" time="21.02" errors="0">
  <testcase name="launchBrowser" time="4.933" classname="com.sgtest.TestNGActive.ActiveTime"/>
  <testcase name="navigate" time="4.307" classname="com.sgtest.TestNGActive.ActiveTime"/>
  <testcase name="loginUser" time="5.262" classname="com.sgtest.TestNGActive.ActiveTime"/>
  <testcase name="minimizeFlyOutWindow" time="2.068" classname="com.sgtest.TestNGActive.ActiveTime"/>
  <testcase name="logoutUser" time="2.241" classname="com.sgtest.TestNGActive.ActiveTime"/>
  <testcase name="closeApplication" time="2.119" classname="com.sgtest.TestNGActive.ActiveTime"/>
</testsuite> <!-- Default test -->
