<?xml version="1.0" encoding="UTF-8"?>
<!-- Generated by org.testng.reporters.JUnitXMLReporter -->
<testsuite hostname="DESKTOP-6G8HV84" ignored="0" name="Active Time End to End scenario" tests="6" failures="0" timestamp="2021-09-17T09:09:10 IST" time="22.413" errors="0">
  <testcase name="launchBrowser" time="6.501" classname="com.sgtest.TestNGActive.ActiveTime"/>
  <testcase name="navigate" time="4.025" classname="com.sgtest.TestNGActive.ActiveTime"/>
  <testcase name="loginUser" time="5.304" classname="com.sgtest.TestNGActive.ActiveTime"/>
  <testcase name="minimizeFlyOutWindow" time="2.1" classname="com.sgtest.TestNGActive.ActiveTime"/>
  <testcase name="logoutUser" time="2.263" classname="com.sgtest.TestNGActive.ActiveTime"/>
  <testcase name="closeApplication" time="2.15" classname="com.sgtest.TestNGActive.ActiveTime"/>
</testsuite> <!-- Active Time End to End scenario -->
