<?xml version="1.0" encoding="UTF-8"?>
<testng-results skipped="0" failed="0" ignored="0" total="6" passed="6">
  <reporter-output>
  </reporter-output>
  <suite name="Default suite" duration-ms="21020" started-at="2021-09-20T05:14:15 IST" finished-at="2021-09-20T05:14:36 IST">
    <groups>
    </groups>
    <test name="Default test" duration-ms="21020" started-at="2021-09-20T05:14:15 IST" finished-at="2021-09-20T05:14:36 IST">
      <class name="com.sgtest.TestNGActive.ActiveTime">
        <test-method status="PASS" signature="launchBrowser()[pri:1, instance:com.sgtest.TestNGActive.ActiveTime@1563da5]" name="launchBrowser" duration-ms="4933" started-at="2021-09-20T05:14:15 IST" finished-at="2021-09-20T05:14:20 IST">
          <reporter-output>
          </reporter-output>
        </test-method> <!-- launchBrowser -->
        <test-method status="PASS" signature="navigate()[pri:2, instance:com.sgtest.TestNGActive.ActiveTime@1563da5]" name="navigate" duration-ms="4307" started-at="2021-09-20T05:14:20 IST" finished-at="2021-09-20T05:14:25 IST">
          <reporter-output>
          </reporter-output>
        </test-method> <!-- navigate -->
        <test-method status="PASS" signature="loginUser(java.lang.String,java.lang.String,java.lang.String)[pri:3, instance:com.sgtest.TestNGActive.ActiveTime@1563da5]" name="loginUser" duration-ms="5262" started-at="2021-09-20T05:14:25 IST" data-provider="getLoginData" finished-at="2021-09-20T05:14:30 IST">
          <params>
            <param index="0">
              <value>
                <![CDATA[admin]]>
              </value>
            </param>
            <param index="1">
              <value>
                <![CDATA[manager]]>
              </value>
            </param>
            <param index="2">
              <value>
                <![CDATA[Admin]]>
              </value>
            </param>
          </params>
          <reporter-output>
          </reporter-output>
        </test-method> <!-- loginUser -->
        <test-method status="PASS" signature="minimizeFlyOutWindow()[pri:4, instance:com.sgtest.TestNGActive.ActiveTime@1563da5]" name="minimizeFlyOutWindow" duration-ms="2068" started-at="2021-09-20T05:14:30 IST" finished-at="2021-09-20T05:14:32 IST">
          <reporter-output>
          </reporter-output>
        </test-method> <!-- minimizeFlyOutWindow -->
        <test-method status="PASS" signature="logoutUser(java.lang.String)[pri:5, instance:com.sgtest.TestNGActive.ActiveTime@1563da5]" name="logoutUser" duration-ms="2241" started-at="2021-09-20T05:14:32 IST" data-provider="getLogout" finished-at="2021-09-20T05:14:34 IST">
          <params>
            <param index="0">
              <value>
                <![CDATA[Admin]]>
              </value>
            </param>
          </params>
          <reporter-output>
          </reporter-output>
        </test-method> <!-- logoutUser -->
        <test-method status="PASS" signature="closeApplication()[pri:6, instance:com.sgtest.TestNGActive.ActiveTime@1563da5]" name="closeApplication" duration-ms="2119" started-at="2021-09-20T05:14:34 IST" finished-at="2021-09-20T05:14:36 IST">
          <reporter-output>
          </reporter-output>
        </test-method> <!-- closeApplication -->
      </class> <!-- com.sgtest.TestNGActive.ActiveTime -->
    </test> <!-- Default test -->
  </suite> <!-- Default suite -->
</testng-results>
